2017-05-09 18:21:06,543 [Worker-0] INFO  c.g.t.t.d.PublishedGradleVersions - Gradle version information cache is out-of-date. Trying to update.
2017-05-10 01:35:31,375 [Worker-2] INFO  c.g.t.t.d.PublishedGradleVersions - Gradle version information cache is up-to-date. Trying to read.
2017-05-10 20:22:42,603 [Worker-1] INFO  c.g.t.t.d.PublishedGradleVersions - Gradle version information cache is out-of-date. Trying to update.
2017-05-10 23:55:50,765 [Start Help Server] INFO  org.eclipse.jetty.util.log - Logging initialized @12825865ms
2017-05-10 23:55:50,854 [Start Help Server] INFO  org.eclipse.jetty.server.Server - jetty-9.3.9.v20160517
2017-05-10 23:55:50,884 [Start Help Server] INFO  o.e.j.server.handler.ContextHandler - Started o.e.j.s.ServletContextHandler@66fd363d{/help,null,AVAILABLE}
2017-05-10 23:55:50,890 [Start Help Server] INFO  o.e.jetty.server.AbstractConnector - Started ServerConnector@4bfdb2e7{HTTP/1.1,[http/1.1]}{127.0.0.1:34627}
2017-05-10 23:55:50,890 [Start Help Server] INFO  org.eclipse.jetty.server.Server - Started @12825991ms
2017-05-11 00:40:04,004 [Stop Help Server] INFO  o.e.jetty.server.AbstractConnector - Stopped ServerConnector@4bfdb2e7{HTTP/1.1,[http/1.1]}{127.0.0.1:0}
2017-05-11 00:40:04,013 [Stop Help Server] INFO  o.e.j.server.handler.ContextHandler - Stopped o.e.j.s.ServletContextHandler@66fd363d{/help,null,UNAVAILABLE}
2017-05-22 18:22:14,294 [Worker-2] INFO  c.g.t.t.d.PublishedGradleVersions - Gradle version information cache is out-of-date. Trying to update.
2017-05-22 23:17:53,564 [Worker-1] INFO  c.g.t.t.d.PublishedGradleVersions - Gradle version information cache is up-to-date. Trying to read.
2017-05-25 12:43:40,090 [Worker-1] INFO  c.g.t.t.d.PublishedGradleVersions - Gradle version information cache is out-of-date. Trying to update.
2017-05-25 13:05:15,428 [Worker-0] INFO  c.g.t.t.d.PublishedGradleVersions - Gradle version information cache is up-to-date. Trying to read.
2017-05-26 12:49:01,371 [Worker-2] INFO  c.g.t.t.d.PublishedGradleVersions - Gradle version information cache is out-of-date. Trying to update.
2017-05-29 01:44:25,000 [Worker-0] INFO  c.g.t.t.d.PublishedGradleVersions - Gradle version information cache is up-to-date. Trying to read.
2017-05-29 01:50:15,414 [Worker-1] INFO  c.g.t.t.d.PublishedGradleVersions - Gradle version information cache is up-to-date. Trying to read.
2017-05-29 06:45:29,710 [Worker-0] INFO  c.g.t.t.d.PublishedGradleVersions - Gradle version information cache is up-to-date. Trying to read.
2017-05-29 07:13:51,046 [Worker-1] INFO  c.g.t.t.d.PublishedGradleVersions - Gradle version information cache is up-to-date. Trying to read.
2017-05-29 16:34:55,376 [Worker-2] INFO  c.g.t.t.d.PublishedGradleVersions - Gradle version information cache is out-of-date. Trying to update.
2017-05-29 18:01:35,043 [Worker-1] INFO  c.g.t.t.d.PublishedGradleVersions - Gradle version information cache is up-to-date. Trying to read.
2017-06-01 08:47:38,430 [Worker-1] INFO  c.g.t.t.d.PublishedGradleVersions - Gradle version information cache is not available. Remote download required.
2017-06-01 08:48:55,585 [Worker-1] INFO  c.g.t.t.d.PublishedGradleVersions - Gradle version information cache is up-to-date. Trying to read.
2017-06-01 13:55:32,245 [Worker-3] INFO  c.g.t.t.d.PublishedGradleVersions - Gradle version information cache is up-to-date. Trying to read.
2017-06-02 03:19:47,765 [Worker-2] INFO  c.g.t.t.d.PublishedGradleVersions - Gradle version information cache is not available. Remote download required.
2017-06-02 23:22:48,740 [Worker-2] INFO  c.g.t.t.d.PublishedGradleVersions - Gradle version information cache is up-to-date. Trying to read.
2017-06-03 18:15:25,375 [Worker-2] INFO  c.g.t.t.d.PublishedGradleVersions - Gradle version information cache is up-to-date. Trying to read.
2017-06-03 20:46:23,682 [Worker-3] INFO  c.g.t.t.d.PublishedGradleVersions - Gradle version information cache is up-to-date. Trying to read.
2017-06-04 02:21:54,951 [Worker-1] INFO  c.g.t.t.d.PublishedGradleVersions - Gradle version information cache is up-to-date. Trying to read.
2017-06-04 14:50:13,416 [Worker-2] INFO  c.g.t.t.d.PublishedGradleVersions - Gradle version information cache is out-of-date. Trying to update.
2017-06-05 03:27:26,553 [Worker-0] INFO  c.g.t.t.d.PublishedGradleVersions - Gradle version information cache is up-to-date. Trying to read.
2017-06-05 06:55:50,524 [Worker-3] INFO  c.g.t.t.d.PublishedGradleVersions - Gradle version information cache is up-to-date. Trying to read.
2017-06-05 07:38:09,500 [Worker-2] INFO  c.g.t.t.d.PublishedGradleVersions - Gradle version information cache is up-to-date. Trying to read.
2017-06-05 07:55:04,270 [Worker-0] INFO  c.g.t.t.d.PublishedGradleVersions - Gradle version information cache is up-to-date. Trying to read.
2017-06-05 17:58:03,053 [Worker-2] INFO  c.g.t.t.d.PublishedGradleVersions - Gradle version information cache is out-of-date. Trying to update.
2017-06-08 02:15:43,335 [Worker-0] INFO  c.g.t.t.d.PublishedGradleVersions - Gradle version information cache is out-of-date. Trying to update.
2017-06-08 02:33:37,750 [Worker-3] INFO  c.g.t.t.d.PublishedGradleVersions - Gradle version information cache is up-to-date. Trying to read.
2017-06-08 02:35:24,114 [Worker-2] INFO  c.g.t.t.d.PublishedGradleVersions - Gradle version information cache is up-to-date. Trying to read.
2017-06-08 23:40:09,440 [Worker-1] INFO  c.g.t.t.d.PublishedGradleVersions - Gradle version information cache is up-to-date. Trying to read.
2017-06-10 17:31:38,389 [Worker-0] INFO  c.g.t.t.d.PublishedGradleVersions - Gradle version information cache is out-of-date. Trying to update.
2017-06-11 19:16:26,174 [Start Help Server] INFO  org.eclipse.jetty.util.log - Logging initialized @92700282ms
2017-06-11 19:16:26,290 [Start Help Server] INFO  org.eclipse.jetty.server.Server - jetty-9.3.9.v20160517
2017-06-11 19:16:26,341 [Start Help Server] INFO  o.e.j.server.handler.ContextHandler - Started o.e.j.s.ServletContextHandler@cb4a71b{/help,null,AVAILABLE}
2017-06-11 19:16:26,355 [Start Help Server] INFO  o.e.jetty.server.AbstractConnector - Started ServerConnector@70930b18{HTTP/1.1,[http/1.1]}{127.0.0.1:37211}
2017-06-11 19:16:26,355 [Start Help Server] INFO  org.eclipse.jetty.server.Server - Started @92700463ms
2017-06-12 01:26:27,709 [Stop Help Server] INFO  o.e.jetty.server.AbstractConnector - Stopped ServerConnector@70930b18{HTTP/1.1,[http/1.1]}{127.0.0.1:0}
2017-06-12 01:26:27,719 [Stop Help Server] INFO  o.e.j.server.handler.ContextHandler - Stopped o.e.j.s.ServletContextHandler@cb4a71b{/help,null,UNAVAILABLE}
2017-06-12 16:02:41,069 [Worker-3] INFO  c.g.t.t.d.PublishedGradleVersions - Gradle version information cache is up-to-date. Trying to read.
2017-06-15 17:41:37,917 [Worker-3] INFO  c.g.t.t.d.PublishedGradleVersions - Gradle version information cache is out-of-date. Trying to update.
2017-06-16 00:56:23,332 [Worker-6] INFO  c.g.t.t.d.PublishedGradleVersions - Gradle version information cache is up-to-date. Trying to read.
2017-06-17 03:05:13,785 [Worker-0] INFO  c.g.t.t.d.PublishedGradleVersions - Gradle version information cache is out-of-date. Trying to update.
2017-06-18 17:42:05,961 [Worker-2] INFO  c.g.t.t.d.PublishedGradleVersions - Gradle version information cache is out-of-date. Trying to update.
2017-06-19 10:31:39,487 [Worker-0] INFO  c.g.t.t.d.PublishedGradleVersions - Gradle version information cache is up-to-date. Trying to read.
2017-06-20 13:37:31,910 [Worker-1] INFO  c.g.t.t.d.PublishedGradleVersions - Gradle version information cache is up-to-date. Trying to read.
2017-06-27 07:38:07,222 [Worker-0] INFO  c.g.t.t.d.PublishedGradleVersions - Gradle version information cache is out-of-date. Trying to update.
2017-06-27 08:06:37,062 [Start Help Server] INFO  org.eclipse.jetty.util.log - Logging initialized @1718274ms
2017-06-27 08:06:37,153 [Start Help Server] INFO  org.eclipse.jetty.server.Server - jetty-9.3.9.v20160517
2017-06-27 08:06:37,207 [Start Help Server] INFO  o.e.j.server.handler.ContextHandler - Started o.e.j.s.ServletContextHandler@75ecf48e{/help,null,AVAILABLE}
2017-06-27 08:06:37,213 [Start Help Server] INFO  o.e.jetty.server.AbstractConnector - Started ServerConnector@6aba24e8{HTTP/1.1,[http/1.1]}{127.0.0.1:42288}
2017-06-27 08:06:37,213 [Start Help Server] INFO  org.eclipse.jetty.server.Server - Started @1718425ms
2017-06-27 21:17:06,504 [Worker-0] INFO  c.g.t.t.d.PublishedGradleVersions - Gradle version information cache is up-to-date. Trying to read.
2017-06-28 21:11:25,901 [Worker-3] INFO  c.g.t.t.d.PublishedGradleVersions - Gradle version information cache is out-of-date. Trying to update.
2017-06-28 22:21:37,573 [Worker-2] INFO  c.g.t.t.d.PublishedGradleVersions - Gradle version information cache is up-to-date. Trying to read.
2017-07-03 16:59:23,901 [Worker-4] INFO  c.g.t.t.d.PublishedGradleVersions - Gradle version information cache is out-of-date. Trying to update.
2017-07-04 14:15:45,600 [Worker-3] INFO  c.g.t.t.d.PublishedGradleVersions - Gradle version information cache is up-to-date. Trying to read.
2017-07-07 15:35:08,585 [Worker-0] INFO  c.g.t.t.d.PublishedGradleVersions - Gradle version information cache is up-to-date. Trying to read.
2017-07-07 23:56:06,145 [Worker-0] INFO  c.g.t.t.d.PublishedGradleVersions - Gradle version information cache is up-to-date. Trying to read.
2017-07-09 23:20:54,618 [Worker-0] INFO  c.g.t.t.d.PublishedGradleVersions - Gradle version information cache is out-of-date. Trying to update.
2017-07-10 17:52:27,083 [Worker-0] INFO  c.g.t.t.d.PublishedGradleVersions - Gradle version information cache is up-to-date. Trying to read.
2017-07-10 18:53:16,995 [Worker-2] INFO  c.g.t.t.d.PublishedGradleVersions - Gradle version information cache is up-to-date. Trying to read.
2017-07-10 18:54:30,858 [Start Help Server] INFO  org.eclipse.jetty.util.log - Logging initialized @86894ms
2017-07-10 18:54:30,992 [Start Help Server] INFO  org.eclipse.jetty.server.Server - jetty-9.3.9.v20160517
2017-07-10 18:54:31,088 [Start Help Server] INFO  o.e.j.server.handler.ContextHandler - Started o.e.j.s.ServletContextHandler@15f37744{/help,null,AVAILABLE}
2017-07-10 18:54:31,099 [Start Help Server] INFO  o.e.jetty.server.AbstractConnector - Started ServerConnector@25e4b5d7{HTTP/1.1,[http/1.1]}{127.0.0.1:40095}
2017-07-10 18:54:31,100 [Start Help Server] INFO  org.eclipse.jetty.server.Server - Started @87136ms
2017-07-10 20:24:52,642 [Stop Help Server] INFO  o.e.jetty.server.AbstractConnector - Stopped ServerConnector@25e4b5d7{HTTP/1.1,[http/1.1]}{127.0.0.1:0}
2017-07-10 20:24:52,652 [Stop Help Server] INFO  o.e.j.server.handler.ContextHandler - Stopped o.e.j.s.ServletContextHandler@15f37744{/help,null,UNAVAILABLE}
2017-07-10 20:25:18,870 [Worker-19] INFO  c.g.t.t.d.PublishedGradleVersions - Gradle version information cache is up-to-date. Trying to read.
2017-07-11 12:12:34,081 [Worker-13] INFO  c.g.t.t.d.PublishedGradleVersions - Gradle version information cache is up-to-date. Trying to read.
2017-07-13 02:33:38,981 [Worker-10] INFO  c.g.t.t.d.PublishedGradleVersions - Gradle version information cache is up-to-date. Trying to read.
2017-07-13 02:39:45,170 [Worker-3] INFO  c.g.t.t.d.PublishedGradleVersions - Gradle version information cache is up-to-date. Trying to read.
2017-07-13 03:00:01,431 [Worker-8] INFO  c.g.t.t.d.PublishedGradleVersions - Gradle version information cache is up-to-date. Trying to read.
